[INFO ] 2021-02-15 09:19:19.930 StepImlementation:81 - 2 wait second.
[INFO ] 2021-02-15 09:19:22.702 StepImlementation:81 - 2 wait second.
[INFO ] 2021-02-15 09:19:25.295 StepImlementation:81 - 2 wait second.
[INFO ] 2021-02-15 09:19:29.777 StepImlementation:81 - 2 wait second.
[INFO ] 2021-02-15 09:26:57.734 StepImlementation:101 - 2 wait second.
[INFO ] 2021-02-15 09:27:00.441 StepImlementation:101 - 2 wait second.
[INFO ] 2021-02-15 09:27:03.065 StepImlementation:101 - 2 wait second.
[INFO ] 2021-02-15 09:27:08.567 StepImlementation:101 - 2 wait second.
[INFO ] 2021-02-15 09:29:06.498 StepImlementation:101 - 2 wait second.
[INFO ] 2021-02-15 09:29:09.070 StepImlementation:116 - Total no. of images are 2
[INFO ] 2021-02-15 09:29:09.575 StepImlementation:122 - Total no. of invalid images are 0
[INFO ] 2021-02-15 09:29:09.693 StepImlementation:101 - 2 wait second.
[INFO ] 2021-02-15 09:29:12.274 StepImlementation:116 - Total no. of images are 2
[INFO ] 2021-02-15 09:29:12.514 StepImlementation:122 - Total no. of invalid images are 0
[INFO ] 2021-02-15 09:29:12.634 StepImlementation:101 - 2 wait second.
[INFO ] 2021-02-15 09:29:15.195 StepImlementation:116 - Total no. of images are 2
[INFO ] 2021-02-15 09:29:15.421 StepImlementation:122 - Total no. of invalid images are 0
[INFO ] 2021-02-15 09:29:15.515 StepImlementation:101 - 2 wait second.
[INFO ] 2021-02-15 09:29:18.062 StepImlementation:116 - Total no. of images are 2
[INFO ] 2021-02-15 09:29:18.280 StepImlementation:122 - Total no. of invalid images are 0
[INFO ] 2021-02-15 09:29:18.387 StepImlementation:101 - 2 wait second.
[INFO ] 2021-02-15 09:29:20.939 StepImlementation:116 - Total no. of images are 4
[INFO ] 2021-02-15 09:29:21.382 StepImlementation:122 - Total no. of invalid images are 0
[INFO ] 2021-02-15 09:29:21.458 StepImlementation:101 - 2 wait second.
[INFO ] 2021-02-15 09:29:24.006 StepImlementation:116 - Total no. of images are 4
[INFO ] 2021-02-15 09:29:24.478 StepImlementation:122 - Total no. of invalid images are 0
[INFO ] 2021-02-15 09:29:24.545 StepImlementation:101 - 2 wait second.
[INFO ] 2021-02-15 09:29:27.096 StepImlementation:116 - Total no. of images are 4
[INFO ] 2021-02-15 09:29:27.568 StepImlementation:122 - Total no. of invalid images are 0
[INFO ] 2021-02-15 09:29:27.668 StepImlementation:101 - 2 wait second.
[INFO ] 2021-02-15 09:29:30.219 StepImlementation:116 - Total no. of images are 4
[INFO ] 2021-02-15 09:29:30.659 StepImlementation:122 - Total no. of invalid images are 0
[INFO ] 2021-02-15 09:29:30.736 StepImlementation:101 - 2 wait second.
[INFO ] 2021-02-15 09:29:33.287 StepImlementation:116 - Total no. of images are 2
[INFO ] 2021-02-15 09:29:33.495 StepImlementation:122 - Total no. of invalid images are 0
[INFO ] 2021-02-15 09:30:09.163 StepImlementation:101 - 2 wait second.
[INFO ] 2021-02-15 09:30:12.707 StepImlementation:116 - Total no. of images are 24
[INFO ] 2021-02-15 09:30:19.688 StepImlementation:122 - Total no. of invalid images are 0
[INFO ] 2021-02-15 09:30:19.812 StepImlementation:101 - 2 wait second.
[INFO ] 2021-02-15 09:33:52.743 StepImlementation:101 - 2 wait second.
[INFO ] 2021-02-15 09:33:56.450 StepImlementation:116 - Total no. of images are 24
[INFO ] 2021-02-15 09:34:02.996 StepImlementation:122 - Total no. of invalid images are 0
[INFO ] 2021-02-15 09:34:03.124 StepImlementation:101 - 2 wait second.
[INFO ] 2021-02-15 09:37:42.567 StepImlementation:106 - 2 wait second.
[INFO ] 2021-02-15 09:37:46.079 StepImlementation:121 - Total no. of images are 24
[INFO ] 2021-02-15 09:37:53.073 StepImlementation:127 - Total no. of invalid images are 0
[INFO ] 2021-02-15 09:37:53.233 StepImlementation:106 - 2 wait second.
[INFO ] 2021-02-15 09:40:50.863 StepImlementation:108 - 2 wait second.
[INFO ] 2021-02-15 09:40:55.433 StepImlementation:123 - Total no. of images are 24
[INFO ] 2021-02-15 09:41:02.727 StepImlementation:129 - Total no. of invalid images are 0
[INFO ] 2021-02-15 09:41:02.863 StepImlementation:108 - 2 wait second.
[INFO ] 2021-02-15 09:42:07.382 StepImlementation:108 - 2 wait second.
[INFO ] 2021-02-15 09:42:11.042 StepImlementation:123 - Total no. of images are 24
[INFO ] 2021-02-15 09:42:17.728 StepImlementation:129 - Total no. of invalid images are 0
[INFO ] 2021-02-15 09:42:17.873 StepImlementation:108 - 2 wait second.
[INFO ] 2021-02-15 09:55:23.730 StepImlementation:108 - 2 wait second.
[INFO ] 2021-02-15 09:55:25.966 StepImlementation:123 - Total no. of images are 0
[INFO ] 2021-02-15 09:55:25.967 StepImlementation:129 - Total no. of invalid images are 0
[INFO ] 2021-02-15 09:57:29.391 StepImlementation:108 - 2 wait second.
[INFO ] 2021-02-15 09:57:32.515 StepImlementation:123 - Total no. of images are 0
[INFO ] 2021-02-15 09:57:32.516 StepImlementation:129 - Total no. of invalid images are 0
[INFO ] 2021-02-15 10:20:53.136 StepImlementation:109 - 2 wait second.
[INFO ] 2021-02-15 10:20:56.606 StepImlementation:124 - Total no. of images are 24
[INFO ] 2021-02-15 10:21:04.386 StepImlementation:130 - Total no. of invalid images are 0
[INFO ] 2021-02-15 10:21:04.511 StepImlementation:109 - 2 wait second.
[INFO ] 2021-02-15 10:27:32.967 StepImlementation:108 - 2 wait second.
[INFO ] 2021-02-15 10:27:36.418 StepImlementation:123 - Total no. of images are 24
[INFO ] 2021-02-15 10:27:43.321 StepImlementation:129 - Total no. of invalid images are 0
[INFO ] 2021-02-15 10:27:43.427 StepImlementation:108 - 2 wait second.
[INFO ] 2021-02-15 10:27:45.542 StepImlementation:108 - 3 wait second.
[INFO ] 2021-02-15 10:31:22.906 StepImlementation:108 - 2 wait second.
[INFO ] 2021-02-15 10:31:25.645 StepImlementation:108 - 2 wait second.
[INFO ] 2021-02-15 10:31:28.258 StepImlementation:108 - 2 wait second.
[INFO ] 2021-02-15 10:31:33.700 StepImlementation:108 - 2 wait second.
[INFO ] 2021-02-15 10:31:38.425 StepImlementation:108 - 3 wait second.
[INFO ] 2021-02-15 10:31:41.547 StepImlementation:108 - 2 wait second.
[INFO ] 2021-02-15 10:31:44.095 StepImlementation:123 - Total no. of images are 2
[INFO ] 2021-02-15 10:31:44.639 StepImlementation:129 - Total no. of invalid images are 0
[INFO ] 2021-02-15 10:31:44.695 StepImlementation:108 - 2 wait second.
[INFO ] 2021-02-15 10:31:47.253 StepImlementation:123 - Total no. of images are 2
[INFO ] 2021-02-15 10:31:47.514 StepImlementation:129 - Total no. of invalid images are 0
[INFO ] 2021-02-15 10:31:47.571 StepImlementation:108 - 2 wait second.
[INFO ] 2021-02-15 10:31:50.114 StepImlementation:123 - Total no. of images are 2
[INFO ] 2021-02-15 10:31:50.337 StepImlementation:129 - Total no. of invalid images are 0
[INFO ] 2021-02-15 10:31:50.394 StepImlementation:108 - 2 wait second.
[INFO ] 2021-02-15 10:31:52.952 StepImlementation:123 - Total no. of images are 2
[INFO ] 2021-02-15 10:31:53.204 StepImlementation:129 - Total no. of invalid images are 0
[INFO ] 2021-02-15 10:31:53.269 StepImlementation:108 - 2 wait second.
[INFO ] 2021-02-15 10:31:55.817 StepImlementation:123 - Total no. of images are 4
[INFO ] 2021-02-15 10:31:56.250 StepImlementation:129 - Total no. of invalid images are 0
[INFO ] 2021-02-15 10:31:56.307 StepImlementation:108 - 2 wait second.
[INFO ] 2021-02-15 10:31:58.852 StepImlementation:123 - Total no. of images are 4
[INFO ] 2021-02-15 10:31:59.289 StepImlementation:129 - Total no. of invalid images are 0
[INFO ] 2021-02-15 10:31:59.342 StepImlementation:108 - 2 wait second.
[INFO ] 2021-02-15 10:32:01.894 StepImlementation:123 - Total no. of images are 4
[INFO ] 2021-02-15 10:32:02.330 StepImlementation:129 - Total no. of invalid images are 0
[INFO ] 2021-02-15 10:32:02.385 StepImlementation:108 - 2 wait second.
[INFO ] 2021-02-15 10:32:04.938 StepImlementation:123 - Total no. of images are 4
[INFO ] 2021-02-15 10:32:05.399 StepImlementation:129 - Total no. of invalid images are 0
[INFO ] 2021-02-15 10:32:05.453 StepImlementation:108 - 2 wait second.
[INFO ] 2021-02-15 10:32:08.000 StepImlementation:123 - Total no. of images are 2
[INFO ] 2021-02-15 10:32:08.219 StepImlementation:129 - Total no. of invalid images are 0
[INFO ] 2021-02-15 10:32:08.231 StepImlementation:108 - 4 wait second.
[INFO ] 2021-02-15 10:32:12.377 StepImlementation:108 - 2 wait second.
[INFO ] 2021-02-15 10:32:15.928 StepImlementation:123 - Total no. of images are 24
[INFO ] 2021-02-15 10:32:23.230 StepImlementation:129 - Total no. of invalid images are 0
[INFO ] 2021-02-15 10:32:23.301 StepImlementation:108 - 2 wait second.
[INFO ] 2021-02-15 10:32:25.484 StepImlementation:108 - 3 wait second.
[INFO ] 2021-02-15 10:45:46.771 StepImlementation:101 - 2 wait second.
[INFO ] 2021-02-15 10:45:50.388 StepImlementation:116 - Total no. of images are 24
[INFO ] 2021-02-15 10:45:52.126 StepImlementation:122 - Total no. of invalid images are 0
[INFO ] 2021-02-15 10:45:52.327 StepImlementation:101 - 2 wait second.
[INFO ] 2021-02-15 10:45:54.469 StepImlementation:101 - 3 wait second.
[INFO ] 2021-02-15 10:45:58.646 StepImlementation:101 - 2 wait second.
[INFO ] 2021-02-15 10:57:35.709 StepImlementation:107 - 2 wait second.
[INFO ] 2021-02-15 10:57:39.109 StepImlementation:122 - Total no. of images are 24
[INFO ] 2021-02-15 10:57:46.206 StepImlementation:128 - Total no. of invalid images are 0
[INFO ] 2021-02-15 10:57:46.298 StepImlementation:107 - 2 wait second.
[INFO ] 2021-02-15 10:57:48.438 StepImlementation:107 - 3 wait second.
[INFO ] 2021-02-15 10:59:51.339 StepImlementation:107 - 2 wait second.
[INFO ] 2021-02-15 10:59:54.978 StepImlementation:122 - Total no. of images are 24
[INFO ] 2021-02-15 11:00:02.113 StepImlementation:128 - Total no. of invalid images are 0
[INFO ] 2021-02-15 11:00:02.286 StepImlementation:107 - 2 wait second.
[INFO ] 2021-02-15 11:00:04.414 StepImlementation:107 - 3 wait second.
[INFO ] 2021-02-15 11:03:02.627 StepImlementation:107 - 2 wait second.
[INFO ] 2021-02-15 11:03:06.198 StepImlementation:122 - Total no. of images are 24
[INFO ] 2021-02-15 11:03:13.288 StepImlementation:128 - Total no. of invalid images are 0
[INFO ] 2021-02-15 11:03:13.439 StepImlementation:107 - 2 wait second.
[INFO ] 2021-02-15 11:03:15.557 StepImlementation:107 - 3 wait second.
[INFO ] 2021-02-15 11:04:55.869 StepImlementation:103 - 2 wait second.
[INFO ] 2021-02-15 11:04:59.351 StepImlementation:118 - Total no. of images are 24
[INFO ] 2021-02-15 11:05:06.755 StepImlementation:124 - Total no. of invalid images are 0
[INFO ] 2021-02-15 11:05:06.875 StepImlementation:103 - 2 wait second.
[INFO ] 2021-02-15 11:05:08.998 StepImlementation:103 - 3 wait second.
[INFO ] 2021-02-15 11:05:50.876 StepImlementation:102 - 2 wait second.
[INFO ] 2021-02-15 11:05:54.378 StepImlementation:117 - Total no. of images are 24
[INFO ] 2021-02-15 11:06:01.438 StepImlementation:123 - Total no. of invalid images are 0
[INFO ] 2021-02-15 11:06:01.551 StepImlementation:102 - 2 wait second.
[INFO ] 2021-02-15 11:06:03.688 StepImlementation:102 - 3 wait second.
[INFO ] 2021-02-15 11:07:42.989 StepImlementation:105 - 2 wait second.
[INFO ] 2021-02-15 11:07:46.684 StepImlementation:120 - Total no. of images are 24
[INFO ] 2021-02-15 11:07:53.657 StepImlementation:126 - Total no. of invalid images are 0
[INFO ] 2021-02-15 11:07:53.805 StepImlementation:105 - 2 wait second.
[INFO ] 2021-02-15 11:07:55.915 StepImlementation:105 - 3 wait second.
[INFO ] 2021-02-15 11:11:58.912 StepImlementation:102 - 2 wait second.
[INFO ] 2021-02-15 11:12:02.729 StepImlementation:117 - Total no. of images are 24
[INFO ] 2021-02-15 11:12:09.793 StepImlementation:123 - Total no. of invalid images are 0
[INFO ] 2021-02-15 11:12:09.936 StepImlementation:102 - 2 wait second.
[INFO ] 2021-02-15 11:12:12.060 StepImlementation:102 - 3 wait second.
[INFO ] 2021-02-15 11:12:16.442 StepImlementation:102 - 2 wait second.
[INFO ] 2021-02-15 11:34:14.153 StepImlementation:91 - 2 wait second.
[INFO ] 2021-02-15 11:34:19.043 StepImlementation:106 - Total no. of images are 24
[INFO ] 2021-02-15 11:34:26.019 StepImlementation:112 - Total no. of invalid images are 0
[INFO ] 2021-02-15 11:34:26.194 StepImlementation:91 - 2 wait second.
[INFO ] 2021-02-15 11:36:59.684 StepImlementation:90 - 2 wait second.
[INFO ] 2021-02-15 11:37:03.377 StepImlementation:105 - Total no. of images are 24
[INFO ] 2021-02-15 11:37:10.487 StepImlementation:111 - Total no. of invalid images are 0
[INFO ] 2021-02-15 11:37:10.650 StepImlementation:90 - 2 wait second.
[INFO ] 2021-02-15 11:37:12.769 StepImlementation:90 - 3 wait second.
[INFO ] 2021-02-15 11:37:15.863 StepImlementation:90 - 2 wait second.
[INFO ] 2021-02-15 11:37:19.153 StepImlementation:90 - 3 wait second.
[INFO ] 2021-02-15 11:38:32.220 StepImlementation:90 - 2 wait second.
[INFO ] 2021-02-15 11:38:36.124 StepImlementation:105 - Total no. of images are 24
[INFO ] 2021-02-15 11:38:42.750 StepImlementation:111 - Total no. of invalid images are 0
[INFO ] 2021-02-15 11:38:42.886 StepImlementation:90 - 2 wait second.
[INFO ] 2021-02-15 11:45:32.613 StepImlementation:94 - 2 wait second.
[INFO ] 2021-02-15 11:45:36.131 StepImlementation:109 - Total no. of images are 24
[INFO ] 2021-02-15 11:45:45.564 StepImlementation:115 - Total no. of invalid images are 0
[INFO ] 2021-02-15 11:45:45.712 StepImlementation:94 - 2 wait second.
[INFO ] 2021-02-15 11:48:50.606 StepImlementation:95 - 2 wait second.
[INFO ] 2021-02-15 11:48:54.226 StepImlementation:110 - Total no. of images are 24
[INFO ] 2021-02-15 11:49:01.462 StepImlementation:116 - Total no. of invalid images are 0
[INFO ] 2021-02-15 11:49:01.611 StepImlementation:95 - 2 wait second.
[INFO ] 2021-02-15 11:49:46.529 StepImlementation:95 - 2 wait second.
[INFO ] 2021-02-15 11:49:50.119 StepImlementation:110 - Total no. of images are 24
[INFO ] 2021-02-15 11:49:57.051 StepImlementation:116 - Total no. of invalid images are 0
[INFO ] 2021-02-15 11:49:57.207 StepImlementation:95 - 2 wait second.
[INFO ] 2021-02-15 11:49:59.344 StepImlementation:62 - null
[INFO ] 2021-02-15 11:51:26.002 StepImlementation:97 - 2 wait second.
[INFO ] 2021-02-15 11:51:30.185 StepImlementation:112 - Total no. of images are 24
[INFO ] 2021-02-15 11:51:36.665 StepImlementation:118 - Total no. of invalid images are 0
[INFO ] 2021-02-15 11:51:36.789 StepImlementation:97 - 2 wait second.
[INFO ] 2021-02-15 11:51:38.946 StepImlementation:64 - ChromeDriver: chrome on MAC (add45c98c8f5d021f0fd6642d8186fe6)
[INFO ] 2021-02-15 11:52:32.634 StepImlementation:97 - 2 wait second.
[INFO ] 2021-02-15 11:52:36.251 StepImlementation:112 - Total no. of images are 24
[INFO ] 2021-02-15 11:52:43.575 StepImlementation:118 - Total no. of invalid images are 0
[INFO ] 2021-02-15 11:52:43.707 StepImlementation:97 - 2 wait second.
[INFO ] 2021-02-15 11:52:48.759 StepImlementation:64 - ChromeDriver: chrome on MAC (68f5b4d2146faf16add1abfcefa8b423)
[INFO ] 2021-02-15 11:54:03.203 StepImlementation:97 - 2 wait second.
[INFO ] 2021-02-15 11:54:06.022 StepImlementation:97 - 2 wait second.
[INFO ] 2021-02-15 11:54:08.617 StepImlementation:97 - 2 wait second.
[INFO ] 2021-02-15 11:54:14.259 StepImlementation:97 - 2 wait second.
[INFO ] 2021-02-15 11:54:19.181 StepImlementation:97 - 3 wait second.
[INFO ] 2021-02-15 11:54:22.279 StepImlementation:97 - 2 wait second.
[INFO ] 2021-02-15 11:54:24.847 StepImlementation:112 - Total no. of images are 2
[INFO ] 2021-02-15 11:54:25.359 StepImlementation:118 - Total no. of invalid images are 0
[INFO ] 2021-02-15 11:54:25.407 StepImlementation:97 - 2 wait second.
[INFO ] 2021-02-15 11:54:27.953 StepImlementation:112 - Total no. of images are 2
[INFO ] 2021-02-15 11:54:28.192 StepImlementation:118 - Total no. of invalid images are 0
[INFO ] 2021-02-15 11:54:28.271 StepImlementation:97 - 2 wait second.
[INFO ] 2021-02-15 11:54:30.821 StepImlementation:112 - Total no. of images are 2
[INFO ] 2021-02-15 11:54:31.049 StepImlementation:118 - Total no. of invalid images are 0
[INFO ] 2021-02-15 11:54:31.108 StepImlementation:97 - 2 wait second.
[INFO ] 2021-02-15 11:54:33.654 StepImlementation:112 - Total no. of images are 2
[INFO ] 2021-02-15 11:54:33.870 StepImlementation:118 - Total no. of invalid images are 0
[INFO ] 2021-02-15 11:54:33.937 StepImlementation:97 - 2 wait second.
[INFO ] 2021-02-15 11:54:36.489 StepImlementation:112 - Total no. of images are 4
[INFO ] 2021-02-15 11:54:36.914 StepImlementation:118 - Total no. of invalid images are 0
[INFO ] 2021-02-15 11:54:36.967 StepImlementation:97 - 2 wait second.
[INFO ] 2021-02-15 11:54:39.518 StepImlementation:112 - Total no. of images are 4
[INFO ] 2021-02-15 11:54:39.973 StepImlementation:118 - Total no. of invalid images are 0
[INFO ] 2021-02-15 11:54:40.022 StepImlementation:97 - 2 wait second.
[INFO ] 2021-02-15 11:54:42.570 StepImlementation:112 - Total no. of images are 4
[INFO ] 2021-02-15 11:54:43.034 StepImlementation:118 - Total no. of invalid images are 0
[INFO ] 2021-02-15 11:54:43.080 StepImlementation:97 - 2 wait second.
[INFO ] 2021-02-15 11:54:45.626 StepImlementation:112 - Total no. of images are 4
[INFO ] 2021-02-15 11:54:46.083 StepImlementation:118 - Total no. of invalid images are 0
[INFO ] 2021-02-15 11:54:46.130 StepImlementation:97 - 2 wait second.
[INFO ] 2021-02-15 11:54:48.677 StepImlementation:112 - Total no. of images are 2
[INFO ] 2021-02-15 11:54:48.891 StepImlementation:118 - Total no. of invalid images are 0
[INFO ] 2021-02-15 11:54:48.905 StepImlementation:97 - 4 wait second.
[INFO ] 2021-02-15 11:54:53.045 StepImlementation:97 - 2 wait second.
[INFO ] 2021-02-15 11:54:56.613 StepImlementation:112 - Total no. of images are 24
[INFO ] 2021-02-15 11:55:03.974 StepImlementation:118 - Total no. of invalid images are 0
[INFO ] 2021-02-15 11:55:04.018 StepImlementation:97 - 2 wait second.
[INFO ] 2021-02-15 12:25:23.564 StepImlementation:105 - 2 wait second.
[INFO ] 2021-02-15 12:25:26.972 StepImlementation:120 - Total no. of images are 24
[INFO ] 2021-02-15 12:25:34.193 StepImlementation:126 - Total no. of invalid images are 0
[INFO ] 2021-02-15 12:25:34.271 StepImlementation:105 - 2 wait second.
[INFO ] 2021-02-15 12:26:18.484 StepImlementation:105 - 2 wait second.
[INFO ] 2021-02-15 12:26:22.236 StepImlementation:120 - Total no. of images are 24
[INFO ] 2021-02-15 12:26:29.226 StepImlementation:126 - Total no. of invalid images are 0
[INFO ] 2021-02-15 12:26:29.381 StepImlementation:105 - 2 wait second.
[INFO ] 2021-02-15 12:26:31.501 StepImlementation:105 - 4 wait second.
[INFO ] 2021-02-15 12:30:59.962 StepImlementation:95 - 2 wait second.
[INFO ] 2021-02-15 12:31:03.792 StepImlementation:110 - Total no. of images are 24
[INFO ] 2021-02-15 12:31:10.824 StepImlementation:116 - Total no. of invalid images are 0
[INFO ] 2021-02-15 12:31:10.954 StepImlementation:95 - 2 wait second.
[INFO ] 2021-02-15 12:31:13.094 StepImlementation:95 - 2 wait second.
[INFO ] 2021-02-15 12:36:31.064 StepImlementation:94 - 2 wait second.
[INFO ] 2021-02-15 12:36:34.877 StepImlementation:109 - Total no. of images are 24
[INFO ] 2021-02-15 12:36:43.171 StepImlementation:115 - Total no. of invalid images are 0
[INFO ] 2021-02-15 12:36:43.249 StepImlementation:94 - 2 wait second.
[INFO ] 2021-02-15 12:36:45.368 StepImlementation:94 - 2 wait second.
[INFO ] 2021-02-15 12:44:58.007 StepImlementation:94 - 2 wait second.
[INFO ] 2021-02-15 12:45:00.436 StepImlementation:109 - Total no. of images are 0
[INFO ] 2021-02-15 12:45:00.437 StepImlementation:115 - Total no. of invalid images are 0
[INFO ] 2021-02-15 12:45:42.646 StepImlementation:94 - 2 wait second.
[INFO ] 2021-02-15 12:45:46.050 StepImlementation:109 - Total no. of images are 24
[INFO ] 2021-02-15 12:45:53.428 StepImlementation:115 - Total no. of invalid images are 0
[INFO ] 2021-02-15 12:45:53.581 StepImlementation:94 - 2 wait second.
[INFO ] 2021-02-15 12:45:55.748 StepImlementation:94 - 2 wait second.
[INFO ] 2021-02-15 12:45:58.621 StepImlementation:142 - 10 time.
[INFO ] 2021-02-15 12:52:20.915 StepImlementation:94 - 2 wait second.
[INFO ] 2021-02-15 12:52:24.520 StepImlementation:109 - Total no. of images are 24
[INFO ] 2021-02-15 12:52:31.393 StepImlementation:115 - Total no. of invalid images are 0
[INFO ] 2021-02-15 12:52:31.513 StepImlementation:94 - 2 wait second.
[INFO ] 2021-02-15 12:52:33.640 StepImlementation:94 - 2 wait second.
[INFO ] 2021-02-15 12:55:23.426 StepImlementation:94 - 2 wait second.
[INFO ] 2021-02-15 12:55:26.955 StepImlementation:109 - Total no. of images are 24
[INFO ] 2021-02-15 12:55:34.371 StepImlementation:115 - Total no. of invalid images are 0
[INFO ] 2021-02-15 12:55:34.507 StepImlementation:94 - 2 wait second.
[INFO ] 2021-02-15 12:55:36.624 StepImlementation:94 - 2 wait second.
[INFO ] 2021-02-15 12:57:43.790 StepImlementation:94 - 2 wait second.
[INFO ] 2021-02-15 12:57:47.343 StepImlementation:109 - Total no. of images are 24
[INFO ] 2021-02-15 12:57:54.565 StepImlementation:115 - Total no. of invalid images are 0
[INFO ] 2021-02-15 12:57:54.641 StepImlementation:94 - 2 wait second.
[INFO ] 2021-02-15 12:57:56.788 StepImlementation:94 - 2 wait second.
[INFO ] 2021-02-15 13:03:28.993 StepImlementation:94 - 2 wait second.
[INFO ] 2021-02-15 13:03:32.762 StepImlementation:109 - Total no. of images are 24
[INFO ] 2021-02-15 13:03:39.972 StepImlementation:115 - Total no. of invalid images are 0
[INFO ] 2021-02-15 13:03:40.085 StepImlementation:94 - 2 wait second.
[INFO ] 2021-02-15 13:03:42.232 StepImlementation:94 - 2 wait second.
[INFO ] 2021-02-15 13:04:35.889 StepImlementation:94 - 2 wait second.
[INFO ] 2021-02-15 13:04:39.419 StepImlementation:109 - Total no. of images are 24
[INFO ] 2021-02-15 13:04:46.504 StepImlementation:115 - Total no. of invalid images are 0
[INFO ] 2021-02-15 13:04:46.601 StepImlementation:94 - 2 wait second.
[INFO ] 2021-02-15 13:04:48.744 StepImlementation:94 - 10 wait second.
[INFO ] 2021-02-15 13:06:52.020 StepImlementation:94 - 2 wait second.
[INFO ] 2021-02-15 13:06:55.743 StepImlementation:109 - Total no. of images are 24
[INFO ] 2021-02-15 13:07:02.960 StepImlementation:115 - Total no. of invalid images are 0
[INFO ] 2021-02-15 13:07:03.116 StepImlementation:94 - 2 wait second.
[INFO ] 2021-02-15 13:07:05.277 StepImlementation:94 - 2 wait second.
[INFO ] 2021-02-15 13:08:48.767 StepImlementation:94 - 2 wait second.
[INFO ] 2021-02-15 13:08:52.337 StepImlementation:109 - Total no. of images are 24
[INFO ] 2021-02-15 13:08:59.488 StepImlementation:115 - Total no. of invalid images are 0
[INFO ] 2021-02-15 13:08:59.614 StepImlementation:94 - 2 wait second.
[INFO ] 2021-02-15 13:09:01.766 StepImlementation:94 - 2 wait second.
[INFO ] 2021-02-15 13:19:59.404 StepImlementation:93 - 2 wait second.
[INFO ] 2021-02-15 13:20:03.023 StepImlementation:108 - Total no. of images are 24
[INFO ] 2021-02-15 13:20:10.777 StepImlementation:114 - Total no. of invalid images are 0
[INFO ] 2021-02-15 13:20:10.913 StepImlementation:93 - 2 wait second.
[INFO ] 2021-02-15 13:20:13.051 StepImlementation:93 - 2 wait second.
[INFO ] 2021-02-15 13:21:08.356 StepImlementation:93 - 2 wait second.
[INFO ] 2021-02-15 13:21:14.734 StepImlementation:108 - Total no. of images are 24
[INFO ] 2021-02-15 13:21:23.052 StepImlementation:114 - Total no. of invalid images are 0
[INFO ] 2021-02-15 13:21:23.171 StepImlementation:93 - 2 wait second.
[INFO ] 2021-02-15 13:21:25.287 StepImlementation:93 - 2 wait second.
[INFO ] 2021-02-15 13:23:08.510 StepImlementation:93 - 2 wait second.
[INFO ] 2021-02-15 13:23:12.150 StepImlementation:108 - Total no. of images are 24
[INFO ] 2021-02-15 13:23:19.058 StepImlementation:114 - Total no. of invalid images are 0
[INFO ] 2021-02-15 13:23:19.187 StepImlementation:93 - 2 wait second.
[INFO ] 2021-02-15 13:23:21.322 StepImlementation:93 - 2 wait second.
[INFO ] 2021-02-15 13:27:28.784 StepImlementation:93 - 2 wait second.
[INFO ] 2021-02-15 13:27:33.036 StepImlementation:108 - Total no. of images are 24
[INFO ] 2021-02-15 13:27:41.120 StepImlementation:114 - Total no. of invalid images are 0
[INFO ] 2021-02-15 13:27:41.323 StepImlementation:93 - 2 wait second.
[INFO ] 2021-02-15 13:27:43.469 StepImlementation:93 - 2 wait second.
[INFO ] 2021-02-15 13:27:46.878 StepImlementation:93 - 2 wait second.
[INFO ] 2021-02-15 13:38:54.724 StepImlementation:93 - 2 wait second.
[INFO ] 2021-02-15 13:38:58.833 StepImlementation:108 - Total no. of images are 24
[INFO ] 2021-02-15 13:39:07.056 StepImlementation:114 - Total no. of invalid images are 0
[INFO ] 2021-02-15 13:39:07.274 StepImlementation:93 - 2 wait second.
[INFO ] 2021-02-15 13:39:09.449 StepImlementation:93 - 2 wait second.
[INFO ] 2021-02-15 13:46:15.804 StepImlementation:93 - 2 wait second.
[INFO ] 2021-02-15 13:46:20.274 StepImlementation:108 - Total no. of images are 24
[INFO ] 2021-02-15 13:46:27.311 StepImlementation:114 - Total no. of invalid images are 0
[INFO ] 2021-02-15 13:46:27.416 StepImlementation:93 - 2 wait second.
[INFO ] 2021-02-15 13:46:29.625 StepImlementation:93 - 2 wait second.
[INFO ] 2021-02-15 13:48:24.519 StepImlementation:93 - 2 wait second.
[INFO ] 2021-02-15 13:48:29.875 StepImlementation:108 - Total no. of images are 24
[INFO ] 2021-02-15 13:48:38.192 StepImlementation:114 - Total no. of invalid images are 0
[INFO ] 2021-02-15 13:48:38.392 StepImlementation:93 - 2 wait second.
[INFO ] 2021-02-15 13:48:40.543 StepImlementation:93 - 2 wait second.
[INFO ] 2021-02-15 13:52:40.788 StepImlementation:93 - 2 wait second.
[INFO ] 2021-02-15 13:52:44.649 StepImlementation:108 - Total no. of images are 24
[INFO ] 2021-02-15 13:52:52.787 StepImlementation:114 - Total no. of invalid images are 0
[INFO ] 2021-02-15 13:52:52.972 StepImlementation:93 - 2 wait second.
[INFO ] 2021-02-15 13:52:55.134 StepImlementation:93 - 2 wait second.
[INFO ] 2021-02-15 13:53:58.141 StepImlementation:93 - 2 wait second.
[INFO ] 2021-02-15 13:54:02.474 StepImlementation:108 - Total no. of images are 24
[INFO ] 2021-02-15 13:54:10.730 StepImlementation:114 - Total no. of invalid images are 0
[INFO ] 2021-02-15 13:54:10.909 StepImlementation:93 - 2 wait second.
[INFO ] 2021-02-15 13:54:13.130 StepImlementation:93 - 2 wait second.
[INFO ] 2021-02-15 13:56:07.951 StepImlementation:93 - 2 wait second.
[INFO ] 2021-02-15 13:56:13.108 StepImlementation:108 - Total no. of images are 24
[INFO ] 2021-02-15 13:56:20.738 StepImlementation:114 - Total no. of invalid images are 0
[INFO ] 2021-02-15 13:56:20.940 StepImlementation:93 - 2 wait second.
[INFO ] 2021-02-15 13:56:23.109 StepImlementation:93 - 10 wait second.
[INFO ] 2021-02-15 13:56:33.191 StepImlementation:93 - 2 wait second.
[INFO ] 2021-02-15 13:56:35.244 StepImlementation:93 - 6 wait second.
[INFO ] 2021-02-15 13:57:25.992 StepImlementation:93 - 2 wait second.
[INFO ] 2021-02-15 13:57:29.997 StepImlementation:108 - Total no. of images are 24
[INFO ] 2021-02-15 13:57:38.206 StepImlementation:114 - Total no. of invalid images are 0
[INFO ] 2021-02-15 13:57:38.407 StepImlementation:93 - 2 wait second.
[INFO ] 2021-02-15 13:57:40.654 StepImlementation:93 - 2 wait second.
[INFO ] 2021-02-15 13:57:43.777 StepImlementation:93 - 2 wait second.
[INFO ] 2021-02-15 13:57:45.828 StepImlementation:93 - 6 wait second.
[INFO ] 2021-02-15 14:00:49.119 StepImlementation:92 - 2 wait second.
[INFO ] 2021-02-15 14:00:54.239 StepImlementation:107 - Total no. of images are 24
[INFO ] 2021-02-15 14:01:03.482 StepImlementation:113 - Total no. of invalid images are 0
[INFO ] 2021-02-15 14:01:03.650 StepImlementation:92 - 2 wait second.
[INFO ] 2021-02-15 14:01:05.785 StepImlementation:92 - 2 wait second.
[INFO ] 2021-02-15 14:01:10.857 StepImlementation:92 - 4 wait second.
[INFO ] 2021-02-15 14:06:21.094 StepImlementation:92 - 2 wait second.
[INFO ] 2021-02-15 14:06:25.349 StepImlementation:121 - Total no. of images are 24
[INFO ] 2021-02-15 14:06:38.462 StepImlementation:127 - Total no. of invalid images are 0
[INFO ] 2021-02-15 14:06:38.613 StepImlementation:92 - 2 wait second.
[INFO ] 2021-02-15 14:06:40.768 StepImlementation:92 - 2 wait second.
[INFO ] 2021-02-15 14:06:44.367 StepImlementation:112 - 15 Kere asagi kaydırıldı.
[INFO ] 2021-02-15 14:06:44.384 StepImlementation:92 - 4 wait second.
[INFO ] 2021-02-15 14:22:45.152 StepImlementation:92 - 2 wait second.
[INFO ] 2021-02-15 14:22:50.347 StepImlementation:121 - Total no. of images are 24
[INFO ] 2021-02-15 14:23:15.726 StepImlementation:127 - Total no. of invalid images are 0
[INFO ] 2021-02-15 14:23:15.859 StepImlementation:92 - 2 wait second.
[INFO ] 2021-02-15 14:23:18.049 StepImlementation:92 - 2 wait second.
[INFO ] 2021-02-15 14:25:36.733 StepImlementation:92 - 2 wait second.
[INFO ] 2021-02-15 14:25:40.507 StepImlementation:121 - Total no. of images are 24
[INFO ] 2021-02-15 14:26:05.505 StepImlementation:127 - Total no. of invalid images are 0
[INFO ] 2021-02-15 14:26:05.628 StepImlementation:92 - 2 wait second.
[INFO ] 2021-02-15 14:26:12.892 StepImlementation:92 - 2 wait second.
[INFO ] 2021-02-15 14:26:18.056 StepImlementation:92 - 2 wait second.
[INFO ] 2021-02-15 14:26:20.471 StepImlementation:92 - 3 wait second.
[INFO ] 2021-02-15 14:27:03.543 StepImlementation:92 - 2 wait second.
[INFO ] 2021-02-15 14:27:09.745 StepImlementation:121 - Total no. of images are 24
[INFO ] 2021-02-15 14:27:34.777 StepImlementation:127 - Total no. of invalid images are 0
[INFO ] 2021-02-15 14:27:34.918 StepImlementation:92 - 2 wait second.
[INFO ] 2021-02-15 14:27:37.071 StepImlementation:92 - 2 wait second.
[INFO ] 2021-02-15 14:28:55.462 StepImlementation:92 - 2 wait second.
[INFO ] 2021-02-15 14:29:01.610 StepImlementation:121 - Total no. of images are 24
[INFO ] 2021-02-15 14:29:27.201 StepImlementation:127 - Total no. of invalid images are 0
[INFO ] 2021-02-15 14:29:27.312 StepImlementation:92 - 2 wait second.
[INFO ] 2021-02-15 14:29:29.492 StepImlementation:92 - 4 wait second.
[INFO ] 2021-02-15 14:34:01.074 StepImlementation:35 - Gidilen url: https://www.trendyol.com/seboteks/unisex-siyah-2-li-polar-boyunluk-bere-p-74495294
[INFO ] 2021-02-15 14:34:01.667 StepImlementation:92 - 2 wait second.
[INFO ] 2021-02-15 14:34:40.220 StepImlementation:35 - Gidilen url: https://www.trendyol.com/seboteks/unisex-siyah-2-li-polar-boyunluk-bere-p-74495294
[INFO ] 2021-02-15 14:34:40.756 StepImlementation:92 - 2 wait second.
[INFO ] 2021-02-15 14:35:37.172 StepImlementation:92 - 2 wait second.
[INFO ] 2021-02-15 14:35:41.314 StepImlementation:121 - Total no. of images are 24
[INFO ] 2021-02-15 14:36:06.714 StepImlementation:127 - Total no. of invalid images are 0
[INFO ] 2021-02-15 14:36:06.931 StepImlementation:92 - 2 wait second.
[INFO ] 2021-02-15 14:36:09.122 StepImlementation:92 - 5 wait second.
[INFO ] 2021-02-15 14:36:15.919 StepImlementation:92 - 5 wait second.
[INFO ] 2021-02-15 14:38:44.911 StepImlementation:92 - 2 wait second.
[INFO ] 2021-02-15 14:38:49.508 StepImlementation:121 - Total no. of images are 24
[INFO ] 2021-02-15 14:39:13.482 StepImlementation:127 - Total no. of invalid images are 0
[INFO ] 2021-02-15 14:39:13.586 StepImlementation:92 - 2 wait second.
[INFO ] 2021-02-15 14:39:15.738 StepImlementation:92 - 3 wait second.
[INFO ] 2021-02-15 14:39:18.832 StepImlementation:92 - 4 wait second.
[INFO ] 2021-02-15 14:39:22.924 StepImlementation:92 - 2 wait second.
[INFO ] 2021-02-15 14:39:25.276 StepImlementation:92 - 5 wait second.
[INFO ] 2021-02-15 14:40:18.465 StepImlementation:92 - 2 wait second.
[INFO ] 2021-02-15 14:40:25.270 StepImlementation:121 - Total no. of images are 24
[INFO ] 2021-02-15 14:40:50.852 StepImlementation:127 - Total no. of invalid images are 0
[INFO ] 2021-02-15 14:40:50.969 StepImlementation:92 - 2 wait second.
[INFO ] 2021-02-15 14:40:53.137 StepImlementation:92 - 1 wait second.
[INFO ] 2021-02-15 14:40:54.225 StepImlementation:92 - 2 wait second.
[INFO ] 2021-02-15 14:40:57.167 StepImlementation:92 - 2 wait second.
[INFO ] 2021-02-15 14:40:59.456 StepImlementation:92 - 3 wait second.
